#
# A fatal error has been detected by the Java Runtime Environment:
#
#  EXCEPTION_ACCESS_VIOLATION (0xc0000005) at pc=0x00007fff30bad69a, pid=2928, tid=10664
#
# JRE version: OpenJDK Runtime Environment Temurin-17.0.2+8 (17.0.2+8) (build 17.0.2+8)
# Java VM: OpenJDK 64-Bit Server VM Temurin-17.0.2+8 (17.0.2+8, mixed mode, tiered, compressed oops, compressed class ptrs, g1 gc, windows-amd64)
# Problematic frame:
# V  [jvm.dll+0x79d69a]
#
# No core dump will be written. Minidumps are not enabled by default on client versions of Windows
#
# If you would like to submit a bug report, please visit:
#   https://github.com/adoptium/adoptium-support/issues
#

---------------  S U M M A R Y ------------

Command Line: -XX:+ShowCodeDetailsInExceptionMessages -agentlib:jdwp=transport=dt_socket,suspend=y,address=localhost:63903 -javaagent:C:\Users\RYZEN V\eclipse\java-2022-03\eclipse\configuration\org.eclipse.osgi\225\0\.cp\lib\javaagent-shaded.jar -Dfile.encoding=Cp1252 ej1_tp4.Main

Host: AMD Ryzen 5 3400G with Radeon Vega Graphics    , 8 cores, 13G,  Windows 10 , 64 bit Build 19041 (10.0.19041.546)
Time: Thu May 16 15:00:26 2024 Hora estándar de Argentina elapsed time: 807.062392 seconds (0d 0h 13m 27s)

---------------  T H R E A D  ---------------

Current thread (0x000002324ab5b730):  JavaThread "JDWP Transport Listener: dt_socket" daemon [_thread_in_vm, id=10664, stack(0x000000329b700000,0x000000329b800000)]

Stack: [0x000000329b700000,0x000000329b800000],  sp=0x000000329b7ff650,  free space=1021k
Native frames: (J=compiled Java code, j=interpreted, Vv=VM code, C=native code)
V  [jvm.dll+0x79d69a]
V  [jvm.dll+0x50842c]
V  [jvm.dll+0x4cfa94]
C  [jdwp.dll+0x22dff]


siginfo: EXCEPTION_ACCESS_VIOLATION (0xc0000005), reading address 0x0000000000130063


Register to memory mapping:

RIP=0x00007fff30bad69a jvm.dll
RAX=0x0000000000000060 is an unknown value
RBX=0x000002324a8889a7 points into unknown readable memory: 29
RCX=0x000000000013005f is an unknown value
RDX=0x000002324affe6f0 points into unknown readable memory: 0x3470745f316a654c | 4c 65 6a 31 5f 74 70 34
RSP=0x000000329b7ff650 is pointing into the stack for thread: 0x000002324ab5b730
RBP=0x000002324aad4060 points into unknown readable memory: 0x0000000000000002 | 02 00 00 00 00 00 00 00
RSI=0x0 is NULL
RDI=0xffffffffffffffff is an unknown value
R8 =0x0000000000000017 is an unknown value
R9 =0x000000000000001d is an unknown value
R10=0x0 is NULL
R11=0x000000329b7ff670 is pointing into the stack for thread: 0x000002324ab5b730
R12=0x000000329b7ff7a8 is pointing into the stack for thread: 0x000002324ab5b730
R13=0x0 is NULL
R14=0x0000000800106000 is a pointer to class: 
ej1_tp4.ExistaCamino {0x0000000800106008}
 - instance size:     3
 - klass size:        66
 - access:            public synchronized 
 - state:             fully_initialized
 - name:              'ej1_tp4/ExistaCamino'
 - super:             'java/lang/Object'
 - sub:               
 - arrays:            NULL
 - methods:           Array<T>(0x000002324b843748)
 - method ordering:   Array<T>(0x000002324b844348)
 - default_methods:   Array<T>(0x0000000000000000)
 - local interfaces:  Array<T>(0x000002324a000058)
 - trans. interfaces: Array<T>(0x000002324a000058)
 - constants:         constant pool [98] {0x000002324b844ae8} for 'ej1_tp4/ExistaCamino' cache=0x000002324b843ac0
 - class loader data:  loader data: 0x000002324a840e00 for instance a 'jdk/internal/loader/ClassLoaders$AppClassLoader'{0x000000072ea61c88}
 - source file:       'ExistaCamino.java'
 - source debug extension:       SMAP
ExistaCamino.java
Java
*S jdt
*F
1 ExistaCamino.java
2 file:/C:/Users/RYZEN%20V/eclipse-workspace/Prog3/bin/
*L
*E

 - class annotations:       Array<T>(0x0000000000000000)
 - class type annotations:  Array<T>(0x0000000000000000)
 - field annotations:       Array<T>(0x0000000000000000)
 - field type annotations:  Array<T>(0x0000000000000000)
 - previous version:  constant pool [95] {0x000002324b840af0} for 'ej1_tp4/ExistaCamino' (extra) cache=0x000002324b83fd58
 - generic signature: '
[error occurred during error reporting (printing register info), id 0xc0000005, EXCEPTION_ACCESS_VIOLATION (0xc0000005) at pc=0x00007fff30bae2a6]

Registers:
RAX=0x0000000000000060, RBX=0x000002324a8889a7, RCX=0x000000000013005f, RDX=0x000002324affe6f0
RSP=0x000000329b7ff650, RBP=0x000002324aad4060, RSI=0x0000000000000000, RDI=0xffffffffffffffff
R8 =0x0000000000000017, R9 =0x000000000000001d, R10=0x0000000000000000, R11=0x000000329b7ff670
R12=0x000000329b7ff7a8, R13=0x0000000000000000, R14=0x0000000800106000, R15=0x000000329b7ff7f8
RIP=0x00007fff30bad69a, EFLAGS=0x0000000000010206

Top of Stack: (sp=0x000000329b7ff650)
0x000000329b7ff650:   0000000000000014 0000000800106000
0x000000329b7ff660:   000002324ab5b730 0000000000000000
0x000000329b7ff670:   ffffffffffffffff 00007fff3091842c
0x000000329b7ff680:   000002324a8889a7 000002324a888990
0x000000329b7ff690:   000002324aad4060 000002324b2876d0
0x000000329b7ff6a0:   000002324a888960 00000000000003d8
0x000000329b7ff6b0:   000002324a888970 000002324a888d48
0x000000329b7ff6c0:   0000000000000002 000000329b7ff7a8
0x000000329b7ff6d0:   0000000000000000 0000000000000000
0x000000329b7ff6e0:   000000072e7bbf50 00007fff308dfa94
0x000000329b7ff6f0:   000002324ab5b730 000000329b7ff7f8
0x000000329b7ff700:   000002322c57acf0 000000329b7ff7f8
0x000000329b7ff710:   000002324ab5b730 0000000000000000
0x000000329b7ff720:   0000023200000000 0000000000000000
0x000000329b7ff730:   000000000000000d 00007fff662a2dff
0x000000329b7ff740:   000000329b7ff7f0 00007fff662b1aa0 

Instructions: (pc=0x00007fff30bad69a)
0x00007fff30bad59a:   48 83 c4 20 5f e9 4c 8d 90 ff cc cc cc cc cc cc
0x00007fff30bad5aa:   cc cc cc cc cc cc 48 89 5c 24 08 57 48 83 ec 20
0x00007fff30bad5ba:   83 fa 02 8d 42 06 b9 08 00 00 00 49 8b d8 0f 4e
0x00007fff30bad5ca:   c1 48 63 c8 48 83 c1 07 83 e1 f8 48 63 f9 49 8b
0x00007fff30bad5da:   48 18 48 8b c7 48 f7 d0 48 3b c1 73 16 4c 8d 05
0x00007fff30bad5ea:   da 4c 17 00 48 8b d7 48 8b cb e8 57 f0 90 ff 48
0x00007fff30bad5fa:   8b 4b 18 48 8d 04 39 48 3b 43 20 76 18 45 33 c0
0x00007fff30bad60a:   48 8b d7 48 8b cb 48 8b 5c 24 30 48 83 c4 20 5f
0x00007fff30bad61a:   e9 b1 ec 90 ff 48 89 43 18 48 8b c1 48 8b 5c 24
0x00007fff30bad62a:   30 48 83 c4 20 5f c3 cc cc cc cc cc cc cc cc cc
0x00007fff30bad63a:   cc cc cc cc cc cc 4c 8b d2 4c 8b d9 45 85 c0 7e
0x00007fff30bad64a:   3c 44 0f b7 49 04 41 8d 40 ff 41 3b c1 44 0f 4c
0x00007fff30bad65a:   c8 4d 63 c1 45 85 c9 7e 1f 48 8b c2 4c 2b da 49
0x00007fff30bad66a:   8b d0 0f 1f 40 00 41 0f b6 4c 03 06 88 08 48 8d
0x00007fff30bad67a:   40 01 48 83 ea 01 75 ee 43 c6 04 10 00 49 8b c2
0x00007fff30bad68a:   c3 cc cc cc cc cc 48 89 5c 24 08 57 48 83 ec 20
0x00007fff30bad69a:   0f b7 59 04 48 8b f9 33 d2 48 8d 4b 01 e8 84 df
0x00007fff30bad6aa:   f2 ff 0f b7 57 04 4c 8b c0 3b da 0f 42 d3 44 8b
0x00007fff30bad6ba:   ca 85 d2 74 39 48 2b f8 0f 1f 40 00 66 66 0f 1f
0x00007fff30bad6ca:   84 00 00 00 00 00 0f b6 4c 07 06 88 08 48 ff c0
0x00007fff30bad6da:   48 8b c8 49 2b c8 49 3b c9 7c eb 42 c6 04 02 00
0x00007fff30bad6ea:   49 8b c0 48 8b 5c 24 30 48 83 c4 20 5f c3 48 8b
0x00007fff30bad6fa:   5c 24 30 c6 04 02 00 48 83 c4 20 5f c3 cc cc cc
0x00007fff30bad70a:   cc cc cc cc cc cc 4c 8b d1 45 85 c0 7e 6c 44 0f
0x00007fff30bad71a:   b7 49 04 41 8d 40 ff 41 3b c1 44 0f 4c c8 4d 63
0x00007fff30bad72a:   d9 45 85 c9 7e 22 48 8b ca 4c 2b d2 4d 8b c3 0f
0x00007fff30bad73a:   1f 80 00 00 00 00 41 0f b6 44 0a 06 88 01 48 8d
0x00007fff30bad74a:   49 01 49 83 e8 01 75 ee 41 c6 04 13 00 48 c7 c0
0x00007fff30bad75a:   ff ff ff ff 66 90 48 ff c0 80 3c 02 00 75 f7 48
0x00007fff30bad76a:   63 c8 85 c0 48 8b c2 7e 14 80 38 2f 75 03 c6 00
0x00007fff30bad77a:   2e 48 ff c0 48 83 e9 01 75 ef 48 8b c2 c3 cc cc
0x00007fff30bad78a:   cc cc cc cc cc cc 48 83 ec 28 e8 f7 fe ff ff 4c 


Stack slot to memory mapping:
stack at sp + 0 slots: 0x0000000000000014 is an unknown value
stack at sp + 1 slots: 0x0000000800106000 is a pointer to class: 
ej1_tp4.ExistaCamino {0x0000000800106008}
 - instance size:     3
 - klass size:        66
 - access:            public synchronized 
 - state:             fully_initialized
 - name:              'ej1_tp4/ExistaCamino'
 - super:             'java/lang/Object'
 - sub:               
 - arrays:            NULL
 - methods:           Array<T>(0x000002324b843748)
 - method ordering:   Array<T>(0x000002324b844348)
 - default_methods:   Array<T>(0x0000000000000000)
 - local interfaces:  Array<T>(0x000002324a000058)
 - trans. interfaces: Array<T>(0x000002324a000058)
 - constants:         constant pool [98] {0x000002324b844ae8} for 'ej1_tp4/ExistaCamino' cache=0x000002324b843ac0
 - class loader data:  loader data: 0x000002324a840e00 for instance a 'jdk/internal/loader/ClassLoaders$AppClassLoader'{0x000000072ea61c88}
 - source file:       'ExistaCamino.java'
 - source debug extension:       SMAP
ExistaCamino.java
Java
*S jdt
*F
1 ExistaCamino.java
2 file:/C:/Users/RYZEN%20V/eclipse-workspace/Prog3/bin/
*L
*E

 - class annotations:       Array<T>(0x0000000000000000)
 - class type annotations:  Array<T>(0x0000000000000000)
 - field annotations:       Array<T>(0x0000000000000000)
 - field type annotations:  Array<T>(0x0000000000000000)
 - previous version:  constant pool [95] {0x000002324b840af0} for 'ej1_tp4/ExistaCamino' (extra) cache=0x000002324b83fd58
 - generic signature: '
[error occurred during error reporting (inspecting top of stack), id 0xc0000005, EXCEPTION_ACCESS_VIOLATION (0xc0000005) at pc=0x00007fff30bae2a6]


---------------  P R O C E S S  ---------------

Threads class SMR info:
_java_thread_list=0x000002324b285e70, length=15, elements={
0x000002322c58e290, 0x000002324a815030, 0x000002324a8171c0, 0x0000023249e90bd0,
0x0000023249e91590, 0x000002324a860030, 0x000002324a8608f0, 0x000002324a862620,
0x000002324a862f20, 0x000002324a888040, 0x000002324a9c6010, 0x000002324ab5b730,
0x000002324ab5faf0, 0x000002324ab61400, 0x000002324b04f5d0
}

Java Threads: ( => current thread )
  0x000002322c58e290 JavaThread "main" [_thread_blocked, id=6032, stack(0x000000329a600000,0x000000329a700000)]
  0x000002324a815030 JavaThread "Reference Handler" daemon [_thread_blocked, id=1740, stack(0x000000329ad00000,0x000000329ae00000)]
  0x000002324a8171c0 JavaThread "Finalizer" daemon [_thread_blocked, id=4004, stack(0x000000329ae00000,0x000000329af00000)]
  0x0000023249e90bd0 JavaThread "Signal Dispatcher" daemon [_thread_blocked, id=8052, stack(0x000000329af00000,0x000000329b000000)]
  0x0000023249e91590 JavaThread "Attach Listener" daemon [_thread_blocked, id=10840, stack(0x000000329b000000,0x000000329b100000)]
  0x000002324a860030 JavaThread "Service Thread" daemon [_thread_blocked, id=11644, stack(0x000000329b100000,0x000000329b200000)]
  0x000002324a8608f0 JavaThread "Monitor Deflation Thread" daemon [_thread_blocked, id=2080, stack(0x000000329b200000,0x000000329b300000)]
  0x000002324a862620 JavaThread "C2 CompilerThread0" daemon [_thread_blocked, id=2828, stack(0x000000329b300000,0x000000329b400000)]
  0x000002324a862f20 JavaThread "C1 CompilerThread0" daemon [_thread_blocked, id=11084, stack(0x000000329b400000,0x000000329b500000)]
  0x000002324a888040 JavaThread "Sweeper thread" daemon [_thread_blocked, id=10596, stack(0x000000329b500000,0x000000329b600000)]
  0x000002324a9c6010 JavaThread "Common-Cleaner" daemon [_thread_blocked, id=5304, stack(0x000000329b600000,0x000000329b700000)]
=>0x000002324ab5b730 JavaThread "JDWP Transport Listener: dt_socket" daemon [_thread_in_vm, id=10664, stack(0x000000329b700000,0x000000329b800000)]
  0x000002324ab5faf0 JavaThread "JDWP Event Helper Thread" daemon [_thread_blocked, id=4464, stack(0x000000329b800000,0x000000329b900000)]
  0x000002324ab61400 JavaThread "JDWP Command Reader" daemon [_thread_in_native, id=6576, stack(0x000000329b900000,0x000000329ba00000)]
  0x000002324b04f5d0 JavaThread "Notification Thread" daemon [_thread_blocked, id=1508, stack(0x000000329bb00000,0x000000329bc00000)]

Other Threads:
  0x0000023249e77600 VMThread "VM Thread" [stack: 0x000000329ac00000,0x000000329ad00000] [id=3916]
  0x000002322c5f4530 WatcherThread [stack: 0x000000329bc00000,0x000000329bd00000] [id=7592]
  0x000002322c5d85b0 GCTaskThread "GC Thread#0" [stack: 0x000000329a700000,0x000000329a800000] [id=11796]
  0x000002322c5e7c40 ConcurrentGCThread "G1 Main Marker" [stack: 0x000000329a800000,0x000000329a900000] [id=11304]
  0x000002322c5e8650 ConcurrentGCThread "G1 Conc#0" [stack: 0x000000329a900000,0x000000329aa00000] [id=9632]
  0x000002322c662b60 ConcurrentGCThread "G1 Refine#0" [stack: 0x000000329aa00000,0x000000329ab00000] [id=10328]
  0x0000023249ce0af0 ConcurrentGCThread "G1 Service" [stack: 0x000000329ab00000,0x000000329ac00000] [id=9624]

Threads with active compile tasks:

VM state: not at safepoint (normal execution)

VM Mutex/Monitor currently owned by a thread: None

Heap address: 0x0000000720c00000, size: 3572 MB, Compressed Oops mode: Zero based, Oop shift amount: 3

CDS archive(s) not mapped
Compressed class space mapped at: 0x0000000800000000-0x0000000840000000, reserved size: 1073741824
Narrow klass base: 0x0000000800000000, Narrow klass shift: 0, Narrow klass range: 0x40000000

GC Precious Log:
 CPUs: 8 total, 8 available
 Memory: 14284M
 Large Page Support: Disabled
 NUMA Support: Disabled
 Compressed Oops: Enabled (Zero based)
 Heap Region Size: 2M
 Heap Min Capacity: 8M
 Heap Initial Capacity: 224M
 Heap Max Capacity: 3572M
 Pre-touch: Disabled
 Parallel Workers: 8
 Concurrent Workers: 2
 Concurrent Refinement Workers: 8
 Periodic GC: Disabled

Heap:
 garbage-first heap   total 229376K, used 4096K [0x0000000720c00000, 0x0000000800000000)
  region size 2048K, 3 young (6144K), 0 survivors (0K)
 Metaspace       used 9420K, committed 9600K, reserved 1064960K
  class space    used 817K, committed 896K, reserved 1048576K

Heap Regions: E=young(eden), S=young(survivor), O=old, HS=humongous(starts), HC=humongous(continues), CS=collection set, F=free, OA=open archive, CA=closed archive, TAMS=top-at-mark-start (previous, next)
|   0|0x0000000720c00000, 0x0000000720c00000, 0x0000000720e00000|  0%| F|  |TAMS 0x0000000720c00000, 0x0000000720c00000| Untracked 
|   1|0x0000000720e00000, 0x0000000720e00000, 0x0000000721000000|  0%| F|  |TAMS 0x0000000720e00000, 0x0000000720e00000| Untracked 
|   2|0x0000000721000000, 0x0000000721000000, 0x0000000721200000|  0%| F|  |TAMS 0x0000000721000000, 0x0000000721000000| Untracked 
|   3|0x0000000721200000, 0x0000000721200000, 0x0000000721400000|  0%| F|  |TAMS 0x0000000721200000, 0x0000000721200000| Untracked 
|   4|0x0000000721400000, 0x0000000721400000, 0x0000000721600000|  0%| F|  |TAMS 0x0000000721400000, 0x0000000721400000| Untracked 
|   5|0x0000000721600000, 0x0000000721600000, 0x0000000721800000|  0%| F|  |TAMS 0x0000000721600000, 0x0000000721600000| Untracked 
|   6|0x0000000721800000, 0x0000000721800000, 0x0000000721a00000|  0%| F|  |TAMS 0x0000000721800000, 0x0000000721800000| Untracked 
|   7|0x0000000721a00000, 0x0000000721a00000, 0x0000000721c00000|  0%| F|  |TAMS 0x0000000721a00000, 0x0000000721a00000| Untracked 
|   8|0x0000000721c00000, 0x0000000721c00000, 0x0000000721e00000|  0%| F|  |TAMS 0x0000000721c00000, 0x0000000721c00000| Untracked 
|   9|0x0000000721e00000, 0x0000000721e00000, 0x0000000722000000|  0%| F|  |TAMS 0x0000000721e00000, 0x0000000721e00000| Untracked 
|  10|0x0000000722000000, 0x0000000722000000, 0x0000000722200000|  0%| F|  |TAMS 0x0000000722000000, 0x0000000722000000| Untracked 
|  11|0x0000000722200000, 0x0000000722200000, 0x0000000722400000|  0%| F|  |TAMS 0x0000000722200000, 0x0000000722200000| Untracked 
|  12|0x0000000722400000, 0x0000000722400000, 0x0000000722600000|  0%| F|  |TAMS 0x0000000722400000, 0x0000000722400000| Untracked 
|  13|0x0000000722600000, 0x0000000722600000, 0x0000000722800000|  0%| F|  |TAMS 0x0000000722600000, 0x0000000722600000| Untracked 
|  14|0x0000000722800000, 0x0000000722800000, 0x0000000722a00000|  0%| F|  |TAMS 0x0000000722800000, 0x0000000722800000| Untracked 
|  15|0x0000000722a00000, 0x0000000722a00000, 0x0000000722c00000|  0%| F|  |TAMS 0x0000000722a00000, 0x0000000722a00000| Untracked 
|  16|0x0000000722c00000, 0x0000000722c00000, 0x0000000722e00000|  0%| F|  |TAMS 0x0000000722c00000, 0x0000000722c00000| Untracked 
|  17|0x0000000722e00000, 0x0000000722e00000, 0x0000000723000000|  0%| F|  |TAMS 0x0000000722e00000, 0x0000000722e00000| Untracked 
|  18|0x0000000723000000, 0x0000000723000000, 0x0000000723200000|  0%| F|  |TAMS 0x0000000723000000, 0x0000000723000000| Untracked 
|  19|0x0000000723200000, 0x0000000723200000, 0x0000000723400000|  0%| F|  |TAMS 0x0000000723200000, 0x0000000723200000| Untracked 
|  20|0x0000000723400000, 0x0000000723400000, 0x0000000723600000|  0%| F|  |TAMS 0x0000000723400000, 0x0000000723400000| Untracked 
|  21|0x0000000723600000, 0x0000000723600000, 0x0000000723800000|  0%| F|  |TAMS 0x0000000723600000, 0x0000000723600000| Untracked 
|  22|0x0000000723800000, 0x0000000723800000, 0x0000000723a00000|  0%| F|  |TAMS 0x0000000723800000, 0x0000000723800000| Untracked 
|  23|0x0000000723a00000, 0x0000000723a00000, 0x0000000723c00000|  0%| F|  |TAMS 0x0000000723a00000, 0x0000000723a00000| Untracked 
|  24|0x0000000723c00000, 0x0000000723c00000, 0x0000000723e00000|  0%| F|  |TAMS 0x0000000723c00000, 0x0000000723c00000| Untracked 
|  25|0x0000000723e00000, 0x0000000723e00000, 0x0000000724000000|  0%| F|  |TAMS 0x0000000723e00000, 0x0000000723e00000| Untracked 
|  26|0x0000000724000000, 0x0000000724000000, 0x0000000724200000|  0%| F|  |TAMS 0x0000000724000000, 0x0000000724000000| Untracked 
|  27|0x0000000724200000, 0x0000000724200000, 0x0000000724400000|  0%| F|  |TAMS 0x0000000724200000, 0x0000000724200000| Untracked 
|  28|0x0000000724400000, 0x0000000724400000, 0x0000000724600000|  0%| F|  |TAMS 0x0000000724400000, 0x0000000724400000| Untracked 
|  29|0x0000000724600000, 0x0000000724600000, 0x0000000724800000|  0%| F|  |TAMS 0x0000000724600000, 0x0000000724600000| Untracked 
|  30|0x0000000724800000, 0x0000000724800000, 0x0000000724a00000|  0%| F|  |TAMS 0x0000000724800000, 0x0000000724800000| Untracked 
|  31|0x0000000724a00000, 0x0000000724a00000, 0x0000000724c00000|  0%| F|  |TAMS 0x0000000724a00000, 0x0000000724a00000| Untracked 
|  32|0x0000000724c00000, 0x0000000724c00000, 0x0000000724e00000|  0%| F|  |TAMS 0x0000000724c00000, 0x0000000724c00000| Untracked 
|  33|0x0000000724e00000, 0x0000000724e00000, 0x0000000725000000|  0%| F|  |TAMS 0x0000000724e00000, 0x0000000724e00000| Untracked 
|  34|0x0000000725000000, 0x0000000725000000, 0x0000000725200000|  0%| F|  |TAMS 0x0000000725000000, 0x0000000725000000| Untracked 
|  35|0x0000000725200000, 0x0000000725200000, 0x0000000725400000|  0%| F|  |TAMS 0x0000000725200000, 0x0000000725200000| Untracked 
|  36|0x0000000725400000, 0x0000000725400000, 0x0000000725600000|  0%| F|  |TAMS 0x0000000725400000, 0x0000000725400000| Untracked 
|  37|0x0000000725600000, 0x0000000725600000, 0x0000000725800000|  0%| F|  |TAMS 0x0000000725600000, 0x0000000725600000| Untracked 
|  38|0x0000000725800000, 0x0000000725800000, 0x0000000725a00000|  0%| F|  |TAMS 0x0000000725800000, 0x0000000725800000| Untracked 
|  39|0x0000000725a00000, 0x0000000725a00000, 0x0000000725c00000|  0%| F|  |TAMS 0x0000000725a00000, 0x0000000725a00000| Untracked 
|  40|0x0000000725c00000, 0x0000000725c00000, 0x0000000725e00000|  0%| F|  |TAMS 0x0000000725c00000, 0x0000000725c00000| Untracked 
|  41|0x0000000725e00000, 0x0000000725e00000, 0x0000000726000000|  0%| F|  |TAMS 0x0000000725e00000, 0x0000000725e00000| Untracked 
|  42|0x0000000726000000, 0x0000000726000000, 0x0000000726200000|  0%| F|  |TAMS 0x0000000726000000, 0x0000000726000000| Untracked 
|  43|0x0000000726200000, 0x0000000726200000, 0x0000000726400000|  0%| F|  |TAMS 0x0000000726200000, 0x0000000726200000| Untracked 
|  44|0x0000000726400000, 0x0000000726400000, 0x0000000726600000|  0%| F|  |TAMS 0x0000000726400000, 0x0000000726400000| Untracked 
|  45|0x0000000726600000, 0x0000000726600000, 0x0000000726800000|  0%| F|  |TAMS 0x0000000726600000, 0x0000000726600000| Untracked 
|  46|0x0000000726800000, 0x0000000726800000, 0x0000000726a00000|  0%| F|  |TAMS 0x0000000726800000, 0x0000000726800000| Untracked 
|  47|0x0000000726a00000, 0x0000000726a00000, 0x0000000726c00000|  0%| F|  |TAMS 0x0000000726a00000, 0x0000000726a00000| Untracked 
|  48|0x0000000726c00000, 0x0000000726c00000, 0x0000000726e00000|  0%| F|  |TAMS 0x0000000726c00000, 0x0000000726c00000| Untracked 
|  49|0x0000000726e00000, 0x0000000726e00000, 0x0000000727000000|  0%| F|  |TAMS 0x0000000726e00000, 0x0000000726e00000| Untracked 
|  50|0x0000000727000000, 0x0000000727000000, 0x0000000727200000|  0%| F|  |TAMS 0x0000000727000000, 0x0000000727000000| Untracked 
|  51|0x0000000727200000, 0x0000000727200000, 0x0000000727400000|  0%| F|  |TAMS 0x0000000727200000, 0x0000000727200000| Untracked 
|  52|0x0000000727400000, 0x0000000727400000, 0x0000000727600000|  0%| F|  |TAMS 0x0000000727400000, 0x0000000727400000| Untracked 
|  53|0x0000000727600000, 0x0000000727600000, 0x0000000727800000|  0%| F|  |TAMS 0x0000000727600000, 0x0000000727600000| Untracked 
|  54|0x0000000727800000, 0x0000000727800000, 0x0000000727a00000|  0%| F|  |TAMS 0x0000000727800000, 0x0000000727800000| Untracked 
|  55|0x0000000727a00000, 0x0000000727a00000, 0x0000000727c00000|  0%| F|  |TAMS 0x0000000727a00000, 0x0000000727a00000| Untracked 
|  56|0x0000000727c00000, 0x0000000727c00000, 0x0000000727e00000|  0%| F|  |TAMS 0x0000000727c00000, 0x0000000727c00000| Untracked 
|  57|0x0000000727e00000, 0x0000000727e00000, 0x0000000728000000|  0%| F|  |TAMS 0x0000000727e00000, 0x0000000727e00000| Untracked 
|  58|0x0000000728000000, 0x0000000728000000, 0x0000000728200000|  0%| F|  |TAMS 0x0000000728000000, 0x0000000728000000| Untracked 
|  59|0x0000000728200000, 0x0000000728200000, 0x0000000728400000|  0%| F|  |TAMS 0x0000000728200000, 0x0000000728200000| Untracked 
|  60|0x0000000728400000, 0x0000000728400000, 0x0000000728600000|  0%| F|  |TAMS 0x0000000728400000, 0x0000000728400000| Untracked 
|  61|0x0000000728600000, 0x0000000728600000, 0x0000000728800000|  0%| F|  |TAMS 0x0000000728600000, 0x0000000728600000| Untracked 
|  62|0x0000000728800000, 0x0000000728800000, 0x0000000728a00000|  0%| F|  |TAMS 0x0000000728800000, 0x0000000728800000| Untracked 
|  63|0x0000000728a00000, 0x0000000728a00000, 0x0000000728c00000|  0%| F|  |TAMS 0x0000000728a00000, 0x0000000728a00000| Untracked 
|  64|0x0000000728c00000, 0x0000000728c00000, 0x0000000728e00000|  0%| F|  |TAMS 0x0000000728c00000, 0x0000000728c00000| Untracked 
|  65|0x0000000728e00000, 0x0000000728e00000, 0x0000000729000000|  0%| F|  |TAMS 0x0000000728e00000, 0x0000000728e00000| Untracked 
|  66|0x0000000729000000, 0x0000000729000000, 0x0000000729200000|  0%| F|  |TAMS 0x0000000729000000, 0x0000000729000000| Untracked 
|  67|0x0000000729200000, 0x0000000729200000, 0x0000000729400000|  0%| F|  |TAMS 0x0000000729200000, 0x0000000729200000| Untracked 
|  68|0x0000000729400000, 0x0000000729400000, 0x0000000729600000|  0%| F|  |TAMS 0x0000000729400000, 0x0000000729400000| Untracked 
|  69|0x0000000729600000, 0x0000000729600000, 0x0000000729800000|  0%| F|  |TAMS 0x0000000729600000, 0x0000000729600000| Untracked 
|  70|0x0000000729800000, 0x0000000729800000, 0x0000000729a00000|  0%| F|  |TAMS 0x0000000729800000, 0x0000000729800000| Untracked 
|  71|0x0000000729a00000, 0x0000000729a00000, 0x0000000729c00000|  0%| F|  |TAMS 0x0000000729a00000, 0x0000000729a00000| Untracked 
|  72|0x0000000729c00000, 0x0000000729c00000, 0x0000000729e00000|  0%| F|  |TAMS 0x0000000729c00000, 0x0000000729c00000| Untracked 
|  73|0x0000000729e00000, 0x0000000729e00000, 0x000000072a000000|  0%| F|  |TAMS 0x0000000729e00000, 0x0000000729e00000| Untracked 
|  74|0x000000072a000000, 0x000000072a000000, 0x000000072a200000|  0%| F|  |TAMS 0x000000072a000000, 0x000000072a000000| Untracked 
|  75|0x000000072a200000, 0x000000072a200000, 0x000000072a400000|  0%| F|  |TAMS 0x000000072a200000, 0x000000072a200000| Untracked 
|  76|0x000000072a400000, 0x000000072a400000, 0x000000072a600000|  0%| F|  |TAMS 0x000000072a400000, 0x000000072a400000| Untracked 
|  77|0x000000072a600000, 0x000000072a600000, 0x000000072a800000|  0%| F|  |TAMS 0x000000072a600000, 0x000000072a600000| Untracked 
|  78|0x000000072a800000, 0x000000072a800000, 0x000000072aa00000|  0%| F|  |TAMS 0x000000072a800000, 0x000000072a800000| Untracked 
|  79|0x000000072aa00000, 0x000000072aa00000, 0x000000072ac00000|  0%| F|  |TAMS 0x000000072aa00000, 0x000000072aa00000| Untracked 
|  80|0x000000072ac00000, 0x000000072ac00000, 0x000000072ae00000|  0%| F|  |TAMS 0x000000072ac00000, 0x000000072ac00000| Untracked 
|  81|0x000000072ae00000, 0x000000072ae00000, 0x000000072b000000|  0%| F|  |TAMS 0x000000072ae00000, 0x000000072ae00000| Untracked 
|  82|0x000000072b000000, 0x000000072b000000, 0x000000072b200000|  0%| F|  |TAMS 0x000000072b000000, 0x000000072b000000| Untracked 
|  83|0x000000072b200000, 0x000000072b200000, 0x000000072b400000|  0%| F|  |TAMS 0x000000072b200000, 0x000000072b200000| Untracked 
|  84|0x000000072b400000, 0x000000072b400000, 0x000000072b600000|  0%| F|  |TAMS 0x000000072b400000, 0x000000072b400000| Untracked 
|  85|0x000000072b600000, 0x000000072b600000, 0x000000072b800000|  0%| F|  |TAMS 0x000000072b600000, 0x000000072b600000| Untracked 
|  86|0x000000072b800000, 0x000000072b800000, 0x000000072ba00000|  0%| F|  |TAMS 0x000000072b800000, 0x000000072b800000| Untracked 
|  87|0x000000072ba00000, 0x000000072ba00000, 0x000000072bc00000|  0%| F|  |TAMS 0x000000072ba00000, 0x000000072ba00000| Untracked 
|  88|0x000000072bc00000, 0x000000072bc00000, 0x000000072be00000|  0%| F|  |TAMS 0x000000072bc00000, 0x000000072bc00000| Untracked 
|  89|0x000000072be00000, 0x000000072be00000, 0x000000072c000000|  0%| F|  |TAMS 0x000000072be00000, 0x000000072be00000| Untracked 
|  90|0x000000072c000000, 0x000000072c000000, 0x000000072c200000|  0%| F|  |TAMS 0x000000072c000000, 0x000000072c000000| Untracked 
|  91|0x000000072c200000, 0x000000072c200000, 0x000000072c400000|  0%| F|  |TAMS 0x000000072c200000, 0x000000072c200000| Untracked 
|  92|0x000000072c400000, 0x000000072c400000, 0x000000072c600000|  0%| F|  |TAMS 0x000000072c400000, 0x000000072c400000| Untracked 
|  93|0x000000072c600000, 0x000000072c600000, 0x000000072c800000|  0%| F|  |TAMS 0x000000072c600000, 0x000000072c600000| Untracked 
|  94|0x000000072c800000, 0x000000072c800000, 0x000000072ca00000|  0%| F|  |TAMS 0x000000072c800000, 0x000000072c800000| Untracked 
|  95|0x000000072ca00000, 0x000000072ca00000, 0x000000072cc00000|  0%| F|  |TAMS 0x000000072ca00000, 0x000000072ca00000| Untracked 
|  96|0x000000072cc00000, 0x000000072cc00000, 0x000000072ce00000|  0%| F|  |TAMS 0x000000072cc00000, 0x000000072cc00000| Untracked 
|  97|0x000000072ce00000, 0x000000072ce00000, 0x000000072d000000|  0%| F|  |TAMS 0x000000072ce00000, 0x000000072ce00000| Untracked 
|  98|0x000000072d000000, 0x000000072d000000, 0x000000072d200000|  0%| F|  |TAMS 0x000000072d000000, 0x000000072d000000| Untracked 
|  99|0x000000072d200000, 0x000000072d200000, 0x000000072d400000|  0%| F|  |TAMS 0x000000072d200000, 0x000000072d200000| Untracked 
| 100|0x000000072d400000, 0x000000072d400000, 0x000000072d600000|  0%| F|  |TAMS 0x000000072d400000, 0x000000072d400000| Untracked 
| 101|0x000000072d600000, 0x000000072d600000, 0x000000072d800000|  0%| F|  |TAMS 0x000000072d600000, 0x000000072d600000| Untracked 
| 102|0x000000072d800000, 0x000000072d800000, 0x000000072da00000|  0%| F|  |TAMS 0x000000072d800000, 0x000000072d800000| Untracked 
| 103|0x000000072da00000, 0x000000072da00000, 0x000000072dc00000|  0%| F|  |TAMS 0x000000072da00000, 0x000000072da00000| Untracked 
| 104|0x000000072dc00000, 0x000000072dc00000, 0x000000072de00000|  0%| F|  |TAMS 0x000000072dc00000, 0x000000072dc00000| Untracked 
| 105|0x000000072de00000, 0x000000072de00000, 0x000000072e000000|  0%| F|  |TAMS 0x000000072de00000, 0x000000072de00000| Untracked 
| 106|0x000000072e000000, 0x000000072e000000, 0x000000072e200000|  0%| F|  |TAMS 0x000000072e000000, 0x000000072e000000| Untracked 
| 107|0x000000072e200000, 0x000000072e200000, 0x000000072e400000|  0%| F|  |TAMS 0x000000072e200000, 0x000000072e200000| Untracked 
| 108|0x000000072e400000, 0x000000072e400000, 0x000000072e600000|  0%| F|  |TAMS 0x000000072e400000, 0x000000072e400000| Untracked 
| 109|0x000000072e600000, 0x000000072e7e6618, 0x000000072e800000| 94%| E|  |TAMS 0x000000072e600000, 0x000000072e600000| Complete 
| 110|0x000000072e800000, 0x000000072ea00000, 0x000000072ea00000|100%| E|CS|TAMS 0x000000072e800000, 0x000000072e800000| Complete 
| 111|0x000000072ea00000, 0x000000072ec00000, 0x000000072ec00000|100%| E|CS|TAMS 0x000000072ea00000, 0x000000072ea00000| Complete 

Card table byte_map: [0x000002323f680000,0x000002323fd80000] _byte_map_base: 0x000002323bd7a000

Marking Bits (Prev, Next): (CMBitMap*) 0x000002322c5d8bc0, (CMBitMap*) 0x000002322c5d8c00
 Prev Bits: [0x0000023240480000, 0x0000023243c50000)
 Next Bits: [0x0000023243c50000, 0x0000023247420000)

Polling page: 0x000002322a590000

Metaspace:

Usage:
  Non-class:      8.40 MB used.
      Class:    817.05 KB used.
       Both:      9.20 MB used.

Virtual space:
  Non-class space:       16.00 MB reserved,       8.50 MB ( 53%) committed,  2 nodes.
      Class space:        1.00 GB reserved,     896.00 KB ( <1%) committed,  1 nodes.
             Both:        1.02 GB reserved,       9.38 MB ( <1%) committed. 

Chunk freelists:
   Non-Class:  2.72 MB
       Class:  2.97 MB
        Both:  5.69 MB

MaxMetaspaceSize: unlimited
CompressedClassSpaceSize: 1.00 GB
Initial GC threshold: 21.00 MB
Current GC threshold: 21.00 MB
CDS: off
MetaspaceReclaimPolicy: balanced
 - commit_granule_bytes: 65536.
 - commit_granule_words: 8192.
 - virtual_space_node_default_size: 1048576.
 - enlarge_chunks_in_place: 1.
 - new_chunks_are_fully_committed: 0.
 - uncommit_free_chunks: 1.
 - use_allocation_guard: 0.
 - handle_deallocations: 1.


Internal statistics:

num_allocs_failed_limit: 0.
num_arena_births: 8.
num_arena_deaths: 0.
num_vsnodes_births: 3.
num_vsnodes_deaths: 0.
num_space_committed: 150.
num_space_uncommitted: 0.
num_chunks_returned_to_freelist: 0.
num_chunks_taken_from_freelist: 47.
num_chunk_merges: 0.
num_chunk_splits: 20.
num_chunks_enlarged: 16.
num_purges: 0.
num_inconsistent_stats: 0.

CodeHeap 'non-profiled nmethods': size=120000Kb used=127Kb max_used=127Kb free=119872Kb
 bounds [0x0000023237720000, 0x0000023237990000, 0x000002323ec50000]
CodeHeap 'profiled nmethods': size=120000Kb used=597Kb max_used=597Kb free=119402Kb
 bounds [0x00000232301f0000, 0x0000023230460000, 0x0000023237720000]
CodeHeap 'non-nmethods': size=5760Kb used=1197Kb max_used=1214Kb free=4562Kb
 bounds [0x000002322fc50000, 0x000002322fec0000, 0x00000232301f0000]
 total_blobs=814 nmethods=401 adapters=326
 compilation: enabled
              stopped_count=0, restarted_count=0
 full_count=0

Compilation events (20 events):
Event: 567.075 Thread 0x000002324a862f20  393       3       org.eclipse.jdt.launching.internal.org.objectweb.asm.ClassReader::readUtf (44 bytes)
Event: 567.075 Thread 0x000002324a862f20 nmethod 393 0x0000023230282390 code [0x0000023230282560, 0x0000023230282978]
Event: 567.075 Thread 0x000002324a862f20  394       3       org.eclipse.jdt.launching.internal.org.objectweb.asm.ClassReader::getItem (7 bytes)
Event: 567.076 Thread 0x000002324a862f20 nmethod 394 0x0000023230282b10 code [0x0000023230282ca0, 0x0000023230282dd8]
Event: 567.076 Thread 0x000002324a862f20  395       3       org.eclipse.jdt.launching.internal.org.objectweb.asm.Symbol::<init> (38 bytes)
Event: 567.076 Thread 0x000002324a862f20 nmethod 395 0x0000023230282e90 code [0x0000023230283040, 0x00000232302832f8]
Event: 567.076 Thread 0x000002324a862f20  396       3       org.eclipse.jdt.launching.internal.org.objectweb.asm.ClassReader::readUTF8 (23 bytes)
Event: 567.076 Thread 0x000002324a862f20 nmethod 396 0x0000023230283410 code [0x00000232302835c0, 0x0000023230283818]
Event: 567.076 Thread 0x000002324a862f20  397       3       org.eclipse.jdt.launching.internal.org.objectweb.asm.SymbolTable::addConstantUtf8 (98 bytes)
Event: 567.077 Thread 0x000002324a862f20 nmethod 397 0x0000023230283910 code [0x0000023230283b40, 0x0000023230284158]
Event: 567.077 Thread 0x000002324a862f20  398       1       org.eclipse.jdt.launching.internal.org.objectweb.asm.SymbolTable::getMajorVersion (5 bytes)
Event: 567.077 Thread 0x000002324a862f20 nmethod 398 0x000002323773fb10 code [0x000002323773fca0, 0x000002323773fd78]
Event: 567.077 Thread 0x000002324a862f20  399       3       org.eclipse.jdt.launching.internal.org.objectweb.asm.ByteVector::putShort (52 bytes)
Event: 567.078 Thread 0x000002324a862f20 nmethod 399 0x0000023230284490 code [0x0000023230284640, 0x0000023230284868]
Event: 806.878 Thread 0x000002324a862f20  400       3       org.eclipse.jdt.launching.internal.org.objectweb.asm.SymbolTable::add (39 bytes)
Event: 806.879 Thread 0x000002324a862f20 nmethod 400 0x0000023230284a10 code [0x0000023230284bc0, 0x0000023230284f38]
Event: 806.879 Thread 0x000002324a862f20  401       3       java.lang.StringUTF16::compress (20 bytes)
Event: 806.879 Thread 0x000002324a862f20 nmethod 401 0x0000023230285090 code [0x0000023230285240, 0x0000023230285488]
Event: 806.879 Thread 0x000002324a862f20  402       3       java.lang.String::<init> (74 bytes)
Event: 806.883 Thread 0x000002324a862f20 


GC Heap History (0 events):
No events

Deoptimization events (20 events):
Event: 0.558 Thread 0x000002322c58e290 DEOPT PACKING pc=0x0000023230266154 sp=0x000000329a6f81f0
Event: 0.558 Thread 0x000002322c58e290 DEOPT UNPACKING pc=0x000002322fca2b43 sp=0x000000329a6f7658 mode 0
Event: 0.559 Thread 0x000002322c58e290 DEOPT PACKING pc=0x0000023230266154 sp=0x000000329a6f81f0
Event: 0.559 Thread 0x000002322c58e290 DEOPT UNPACKING pc=0x000002322fca2b43 sp=0x000000329a6f7658 mode 0
Event: 0.559 Thread 0x000002322c58e290 DEOPT PACKING pc=0x0000023230266154 sp=0x000000329a6f81f0
Event: 0.559 Thread 0x000002322c58e290 DEOPT UNPACKING pc=0x000002322fca2b43 sp=0x000000329a6f7658 mode 0
Event: 0.559 Thread 0x000002322c58e290 DEOPT PACKING pc=0x0000023230266154 sp=0x000000329a6f81f0
Event: 0.559 Thread 0x000002322c58e290 DEOPT UNPACKING pc=0x000002322fca2b43 sp=0x000000329a6f7658 mode 0
Event: 0.559 Thread 0x000002322c58e290 DEOPT PACKING pc=0x0000023230266154 sp=0x000000329a6f81f0
Event: 0.559 Thread 0x000002322c58e290 DEOPT UNPACKING pc=0x000002322fca2b43 sp=0x000000329a6f7658 mode 0
Event: 0.559 Thread 0x000002322c58e290 DEOPT PACKING pc=0x0000023230266154 sp=0x000000329a6f81f0
Event: 0.559 Thread 0x000002322c58e290 DEOPT UNPACKING pc=0x000002322fca2b43 sp=0x000000329a6f7658 mode 0
Event: 0.562 Thread 0x000002322c58e290 DEOPT PACKING pc=0x0000023230266154 sp=0x000000329a6fbc40
Event: 0.562 Thread 0x000002322c58e290 DEOPT UNPACKING pc=0x000002322fca2b43 sp=0x000000329a6fb0a8 mode 0
Event: 0.562 Thread 0x000002322c58e290 DEOPT PACKING pc=0x0000023230266154 sp=0x000000329a6fbc40
Event: 0.562 Thread 0x000002322c58e290 DEOPT UNPACKING pc=0x000002322fca2b43 sp=0x000000329a6fb0a8 mode 0
Event: 0.566 Thread 0x000002322c58e290 DEOPT PACKING pc=0x0000023230266154 sp=0x000000329a6f8170
Event: 0.566 Thread 0x000002322c58e290 DEOPT UNPACKING pc=0x000002322fca2b43 sp=0x000000329a6f75d8 mode 0
Event: 0.567 Thread 0x000002322c58e290 DEOPT PACKING pc=0x0000023230266154 sp=0x000000329a6fbb70
Event: 0.567 Thread 0x000002322c58e290 DEOPT UNPACKING pc=0x000002322fca2b43 sp=0x000000329a6fafd8 mode 0

Classes unloaded (0 events):
No events

Classes redefined (2 events):
Event: 567.079 Thread 0x0000023249e77600 redefined class name=ej1_tp4.ExistaCamino, count=1
Event: 806.880 Thread 0x0000023249e77600 redefined class name=ej1_tp4.ExistaCamino, count=2

Internal exceptions (0 events):
No events

VM Operations (20 events):
Event: 767.693 Executing VM operation: get/set locals
Event: 767.693 Executing VM operation: get/set locals done
Event: 767.693 Executing VM operation: get/set locals
Event: 767.693 Executing VM operation: get/set locals done
Event: 767.693 Executing VM operation: get/set locals
Event: 767.693 Executing VM operation: get/set locals done
Event: 767.694 Executing VM operation: get/set locals
Event: 767.694 Executing VM operation: get/set locals done
Event: 767.700 Executing VM operation: get/set locals
Event: 767.700 Executing VM operation: get/set locals done
Event: 767.700 Executing VM operation: get/set locals
Event: 767.700 Executing VM operation: get/set locals done
Event: 767.700 Executing VM operation: get/set locals
Event: 767.700 Executing VM operation: get/set locals done
Event: 767.726 Executing VM operation: get/set locals
Event: 767.726 Executing VM operation: get/set locals done
Event: 767.726 Executing VM operation: get/set locals
Event: 767.726 Executing VM operation: get/set locals done
Event: 806.879 Executing VM operation: RedefineClasses
Event: 806.882 Executing VM operation: RedefineClasses done

Events (20 events):
Event: 0.552 loading class jdk/internal/reflect/ClassFileAssembler done
Event: 0.552 loading class jdk/internal/reflect/UTF8
Event: 0.552 loading class jdk/internal/reflect/UTF8 done
Event: 0.552 loading class jdk/internal/reflect/Label
Event: 0.552 loading class jdk/internal/reflect/Label done
Event: 0.552 loading class jdk/internal/reflect/Label$PatchInfo
Event: 0.552 loading class jdk/internal/reflect/Label$PatchInfo done
Event: 0.552 loading class jdk/internal/reflect/MethodAccessorGenerator$1
Event: 0.552 loading class jdk/internal/reflect/MethodAccessorGenerator$1 done
Event: 0.552 loading class jdk/internal/reflect/ClassDefiner
Event: 0.552 loading class jdk/internal/reflect/ClassDefiner done
Event: 0.552 loading class jdk/internal/reflect/ClassDefiner$1
Event: 0.553 loading class jdk/internal/reflect/ClassDefiner$1 done
Event: 0.553 loading class jdk/internal/reflect/BootstrapConstructorAccessorImpl
Event: 0.553 loading class jdk/internal/reflect/BootstrapConstructorAccessorImpl done
Event: 0.574 loading class java/lang/IllegalStateException
Event: 0.574 loading class java/lang/IllegalStateException done
Event: 5.586 Thread 0x000002324abc2c00 Thread exited: 0x000002324abc2c00
Event: 6.814 loading class jdk/internal/math/FDBigInteger
Event: 6.815 loading class jdk/internal/math/FDBigInteger done


Dynamic libraries:
0x00007ff7446b0000 - 0x00007ff7446be000 	C:\Users\RYZEN V\.p2\pool\plugins\org.eclipse.justj.openjdk.hotspot.jre.full.win32.x86_64_17.0.2.v20220201-1208\jre\bin\javaw.exe
0x00007fff83f50000 - 0x00007fff84146000 	C:\Windows\SYSTEM32\ntdll.dll
0x00007fff82f40000 - 0x00007fff82ffd000 	C:\Windows\System32\KERNEL32.DLL
0x00007fff81ab0000 - 0x00007fff81d78000 	C:\Windows\System32\KERNELBASE.dll
0x00007fff81910000 - 0x00007fff81a10000 	C:\Windows\System32\ucrtbase.dll
0x00007fff777c0000 - 0x00007fff777d9000 	C:\Users\RYZEN V\.p2\pool\plugins\org.eclipse.justj.openjdk.hotspot.jre.full.win32.x86_64_17.0.2.v20220201-1208\jre\bin\VCRUNTIME140.dll
0x00007fff777e0000 - 0x00007fff777f8000 	C:\Users\RYZEN V\.p2\pool\plugins\org.eclipse.justj.openjdk.hotspot.jre.full.win32.x86_64_17.0.2.v20220201-1208\jre\bin\jli.dll
0x00007fff832a0000 - 0x00007fff83440000 	C:\Windows\System32\USER32.dll
0x00007fff81e30000 - 0x00007fff81e52000 	C:\Windows\System32\win32u.dll
0x00007fff6ab80000 - 0x00007fff6ae1b000 	C:\Windows\WinSxS\amd64_microsoft.windows.common-controls_6595b64144ccf1df_6.0.19041.488_none_ca04af081b815d21\COMCTL32.dll
0x00007fff83440000 - 0x00007fff8346a000 	C:\Windows\System32\GDI32.dll
0x00007fff837b0000 - 0x00007fff8384e000 	C:\Windows\System32\msvcrt.dll
0x00007fff81e60000 - 0x00007fff81f69000 	C:\Windows\System32\gdi32full.dll
0x00007fff81a10000 - 0x00007fff81aad000 	C:\Windows\System32\msvcp_win.dll
0x00007fff83ab0000 - 0x00007fff83ae0000 	C:\Windows\System32\IMM32.DLL
0x00007fff7d3e0000 - 0x00007fff7d3ec000 	C:\Users\RYZEN V\.p2\pool\plugins\org.eclipse.justj.openjdk.hotspot.jre.full.win32.x86_64_17.0.2.v20220201-1208\jre\bin\vcruntime140_1.dll
0x00007fff62060000 - 0x00007fff620f1000 	C:\Users\RYZEN V\.p2\pool\plugins\org.eclipse.justj.openjdk.hotspot.jre.full.win32.x86_64_17.0.2.v20220201-1208\jre\bin\msvcp140.dll
0x00007fff30410000 - 0x00007fff31057000 	C:\Users\RYZEN V\.p2\pool\plugins\org.eclipse.justj.openjdk.hotspot.jre.full.win32.x86_64_17.0.2.v20220201-1208\jre\bin\server\jvm.dll
0x00007fff83190000 - 0x00007fff8323c000 	C:\Windows\System32\ADVAPI32.dll
0x00007fff82ab0000 - 0x00007fff82b4b000 	C:\Windows\System32\sechost.dll
0x00007fff81ff0000 - 0x00007fff82114000 	C:\Windows\System32\RPCRT4.dll
0x00007fff83790000 - 0x00007fff83798000 	C:\Windows\System32\PSAPI.DLL
0x00007fff6e9e0000 - 0x00007fff6e9e9000 	C:\Windows\SYSTEM32\WSOCK32.dll
0x00007fff75940000 - 0x00007fff75967000 	C:\Windows\SYSTEM32\WINMM.dll
0x00007fff83720000 - 0x00007fff8378b000 	C:\Windows\System32\WS2_32.dll
0x00007fff77ed0000 - 0x00007fff77eda000 	C:\Windows\SYSTEM32\VERSION.dll
0x00007fff7f640000 - 0x00007fff7f652000 	C:\Windows\SYSTEM32\kernel.appcore.dll
0x00007fff68020000 - 0x00007fff6802a000 	C:\Users\RYZEN V\.p2\pool\plugins\org.eclipse.justj.openjdk.hotspot.jre.full.win32.x86_64_17.0.2.v20220201-1208\jre\bin\jimage.dll
0x00007fff7ac60000 - 0x00007fff7ae44000 	C:\Windows\SYSTEM32\DBGHELP.DLL
0x00007fff66640000 - 0x00007fff6666c000 	C:\Windows\SYSTEM32\dbgcore.DLL
0x00007fff81f70000 - 0x00007fff81fef000 	C:\Windows\System32\bcryptPrimitives.dll
0x00007fff66280000 - 0x00007fff662bb000 	C:\Users\RYZEN V\.p2\pool\plugins\org.eclipse.justj.openjdk.hotspot.jre.full.win32.x86_64_17.0.2.v20220201-1208\jre\bin\jdwp.dll
0x00007fff7d320000 - 0x00007fff7d32e000 	C:\Users\RYZEN V\.p2\pool\plugins\org.eclipse.justj.openjdk.hotspot.jre.full.win32.x86_64_17.0.2.v20220201-1208\jre\bin\instrument.dll
0x00007fff67ff0000 - 0x00007fff68015000 	C:\Users\RYZEN V\.p2\pool\plugins\org.eclipse.justj.openjdk.hotspot.jre.full.win32.x86_64_17.0.2.v20220201-1208\jre\bin\java.dll
0x00007fff67ee0000 - 0x00007fff67ef8000 	C:\Users\RYZEN V\.p2\pool\plugins\org.eclipse.justj.openjdk.hotspot.jre.full.win32.x86_64_17.0.2.v20220201-1208\jre\bin\zip.dll
0x00007fff82120000 - 0x00007fff82861000 	C:\Windows\System32\SHELL32.dll
0x00007fff7f840000 - 0x00007fff7ffd5000 	C:\Windows\SYSTEM32\windows.storage.dll
0x00007fff82be0000 - 0x00007fff82f35000 	C:\Windows\System32\combase.dll
0x00007fff81070000 - 0x00007fff8109c000 	C:\Windows\SYSTEM32\Wldp.dll
0x00007fff82870000 - 0x00007fff8291e000 	C:\Windows\System32\SHCORE.dll
0x00007fff83a50000 - 0x00007fff83aa5000 	C:\Windows\System32\shlwapi.dll
0x00007fff81600000 - 0x00007fff81626000 	C:\Windows\SYSTEM32\profapi.dll
0x00007fff777b0000 - 0x00007fff777bc000 	C:\Users\RYZEN V\.p2\pool\plugins\org.eclipse.justj.openjdk.hotspot.jre.full.win32.x86_64_17.0.2.v20220201-1208\jre\bin\dt_socket.dll
0x00007fff80ae0000 - 0x00007fff80b1b000 	C:\Windows\SYSTEM32\IPHLPAPI.DLL
0x00007fff80df0000 - 0x00007fff80e5a000 	C:\Windows\system32\mswsock.dll
0x00007fff80b20000 - 0x00007fff80beb000 	C:\Windows\SYSTEM32\DNSAPI.dll
0x00007fff83710000 - 0x00007fff83718000 	C:\Windows\System32\NSI.dll
0x00007fff77cf0000 - 0x00007fff77cfa000 	C:\Windows\System32\rasadhlp.dll
0x00007fff77b00000 - 0x00007fff77b7f000 	C:\Windows\System32\fwpuclnt.dll
0x00007fff81780000 - 0x00007fff817a7000 	C:\Windows\System32\bcrypt.dll
0x00007fff67ec0000 - 0x00007fff67ed9000 	C:\Users\RYZEN V\.p2\pool\plugins\org.eclipse.justj.openjdk.hotspot.jre.full.win32.x86_64_17.0.2.v20220201-1208\jre\bin\net.dll
0x00007fff78730000 - 0x00007fff78830000 	C:\Windows\SYSTEM32\WINHTTP.dll
0x00007fff661f0000 - 0x00007fff66205000 	C:\Users\RYZEN V\.p2\pool\plugins\org.eclipse.justj.openjdk.hotspot.jre.full.win32.x86_64_17.0.2.v20220201-1208\jre\bin\nio.dll
0x00007fff67fe0000 - 0x00007fff67ff0000 	C:\Users\RYZEN V\.p2\pool\plugins\org.eclipse.justj.openjdk.hotspot.jre.full.win32.x86_64_17.0.2.v20220201-1208\jre\bin\verify.dll

dbghelp: loaded successfully - version: 4.0.5 - missing functions: none
symbol engine: initialized successfully - sym options: 0x614 - pdb path: .;C:\Users\RYZEN V\.p2\pool\plugins\org.eclipse.justj.openjdk.hotspot.jre.full.win32.x86_64_17.0.2.v20220201-1208\jre\bin;C:\Windows\SYSTEM32;C:\Windows\WinSxS\amd64_microsoft.windows.common-controls_6595b64144ccf1df_6.0.19041.488_none_ca04af081b815d21;C:\Users\RYZEN V\.p2\pool\plugins\org.eclipse.justj.openjdk.hotspot.jre.full.win32.x86_64_17.0.2.v20220201-1208\jre\bin\server

VM Arguments:
jvm_args: -XX:+ShowCodeDetailsInExceptionMessages -agentlib:jdwp=transport=dt_socket,suspend=y,address=localhost:63903 -javaagent:C:\Users\RYZEN V\eclipse\java-2022-03\eclipse\configuration\org.eclipse.osgi\225\0\.cp\lib\javaagent-shaded.jar -Dfile.encoding=Cp1252 
java_command: ej1_tp4.Main
java_class_path (initial): C:\Users\RYZEN V\eclipse-workspace\Prog3\bin
Launcher Type: SUN_STANDARD

[Global flags]
     intx CICompilerCount                          = 4                                         {product} {ergonomic}
     uint ConcGCThreads                            = 2                                         {product} {ergonomic}
     uint G1ConcRefinementThreads                  = 8                                         {product} {ergonomic}
   size_t G1HeapRegionSize                         = 2097152                                   {product} {ergonomic}
    uintx GCDrainStackTargetSize                   = 64                                        {product} {ergonomic}
   size_t InitialHeapSize                          = 234881024                                 {product} {ergonomic}
   size_t MarkStackSize                            = 4194304                                   {product} {ergonomic}
   size_t MaxHeapSize                              = 3745513472                                {product} {ergonomic}
   size_t MaxNewSize                               = 2246049792                                {product} {ergonomic}
   size_t MinHeapDeltaBytes                        = 2097152                                   {product} {ergonomic}
   size_t MinHeapSize                              = 8388608                                   {product} {ergonomic}
    uintx NonNMethodCodeHeapSize                   = 5839372                                {pd product} {ergonomic}
    uintx NonProfiledCodeHeapSize                  = 122909434                              {pd product} {ergonomic}
    uintx ProfiledCodeHeapSize                     = 122909434                              {pd product} {ergonomic}
    uintx ReservedCodeCacheSize                    = 251658240                              {pd product} {ergonomic}
     bool SegmentedCodeCache                       = true                                      {product} {ergonomic}
     bool ShowCodeDetailsInExceptionMessages       = true                                   {manageable} {command line}
   size_t SoftMaxHeapSize                          = 3745513472                             {manageable} {ergonomic}
     bool UseCompressedClassPointers               = true                           {product lp64_product} {ergonomic}
     bool UseCompressedOops                        = true                           {product lp64_product} {ergonomic}
     bool UseG1GC                                  = true                                      {product} {ergonomic}
     bool UseLargePagesIndividualAllocation        = false                                  {pd product} {ergonomic}

Logging:
Log output configuration:
 #0: stdout all=warning uptime,level,tags
 #1: stderr all=off uptime,level,tags

Environment Variables:
PATH=C:\Users\RYZEN V\.p2\pool\plugins\org.eclipse.justj.openjdk.hotspot.jre.full.win32.x86_64_17.0.2.v20220201-1208\jre\bin;C:/Users/RYZEN V/.p2/pool/plugins/org.eclipse.justj.openjdk.hotspot.jre.full.win32.x86_64_17.0.2.v20220201-1208/jre/bin/server;C:/Users/RYZEN V/.p2/pool/plugins/org.eclipse.justj.openjdk.hotspot.jre.full.win32.x86_64_17.0.2.v20220201-1208/jre/bin;C:\ProgramData\Oracle\Java\javapath;C:\Program Files\Common Files\Oracle\Java\javapath;C:\Program Files (x86)\Common Files\Oracle\Java\javapath;C:\Program Files (x86)\NVIDIA Corporation\PhysX\Common;C:\Windows\system32;C:\Windows;C:\Windows\System32\Wbem;C:\Windows\System32\WindowsPowerShell\v1.0\;C:\Windows\System32\OpenSSH\;C:\Program Files (x86)\PowerShell\7\;C:\Program Files\PowerShell\7\;C:\Program Files (x86)\dotnet\;C:\Program Files\dotnet\;C:\Program Files\Git\cmd;C:\;C:\ProgramData\chocolatey\bin;C:\Users\RYZEN V\AppData\Local\Microsoft\WindowsApps;C:\Users\RYZEN V\AppData\Local\Programs\Microsoft VS Code\bin;C:\Users\RYZEN V\AppData\Roaming\npm;C:\Users\RYZEN V\Desktop\Facultad\Flutter\flutter\bin;C:\Windows\system32;
USERNAME=RYZEN V
OS=Windows_NT
PROCESSOR_IDENTIFIER=AMD64 Family 23 Model 24 Stepping 1, AuthenticAMD



---------------  S Y S T E M  ---------------

OS:
 Windows 10 , 64 bit Build 19041 (10.0.19041.546)
OS uptime: 0 days 5:58 hours

CPU: total 8 (initial active 8) (8 cores per cpu, 2 threads per core) family 23 model 24 stepping 1 microcode 0x0, cx8, cmov, fxsr, ht, mmx, 3dnowpref, sse, sse2, sse3, ssse3, sse4a, sse4.1, sse4.2, popcnt, lzcnt, tsc, tscinvbit, avx, avx2, aes, clmul, bmi1, bmi2, adx, sha, fma, vzeroupper, clflush, clflushopt

Memory: 4k page, system-wide physical 14284M (7492M free)
TotalPageFile size 15180M (AvailPageFile size 5015M)
current process WorkingSet (physical memory assigned to process): 46M, peak: 49M
current process commit charge ("private bytes"): 310M, peak: 314M

vm_info: OpenJDK 64-Bit Server VM (17.0.2+8) for windows-amd64 JRE (17.0.2+8), built on Jan 20 2022 04:52:34 by "" with MS VC++ 16.7 (VS2019)

END.
